This is pdfTeX, Version 3.14159265-2.6-1.40.16 (TeX Live 2015/Debian) (preloaded format=pdflatex 2017.9.21)  22 OCT 2017 14:44
entering extended mode
 restricted \write18 enabled.
 %&-line parsing enabled.
**report_1b.tex
(./report_1b.tex
LaTeX2e <2016/02/01>
Babel <3.9q> and hyphenation patterns for 81 language(s) loaded.
(/usr/share/texlive/texmf-dist/tex/latex/base/article.cls
Document Class: article 2014/09/29 v1.4h Standard LaTeX document class
(/usr/share/texlive/texmf-dist/tex/latex/base/size10.clo
File: size10.clo 2014/09/29 v1.4h Standard LaTeX file (size option)
)
\c@part=\count79
\c@section=\count80
\c@subsection=\count81
\c@subsubsection=\count82
\c@paragraph=\count83
\c@subparagraph=\count84
\c@figure=\count85
\c@table=\count86
\abovecaptionskip=\skip41
\belowcaptionskip=\skip42
\bibindent=\dimen102
)
(/usr/share/texlive/texmf-dist/tex/latex/geometry/geometry.sty
Package: geometry 2010/09/12 v5.6 Page Geometry

(/usr/share/texlive/texmf-dist/tex/latex/graphics/keyval.sty
Package: keyval 2014/10/28 v1.15 key=value parser (DPC)
\KV@toks@=\toks14
)
(/usr/share/texlive/texmf-dist/tex/generic/oberdiek/ifpdf.sty
Package: ifpdf 2011/01/30 v2.3 Provides the ifpdf switch (HO)
Package ifpdf Info: pdfTeX in PDF mode is detected.
)
(/usr/share/texlive/texmf-dist/tex/generic/oberdiek/ifvtex.sty
Package: ifvtex 2010/03/01 v1.5 Detect VTeX and its facilities (HO)
Package ifvtex Info: VTeX not detected.
)
(/usr/share/texlive/texmf-dist/tex/generic/ifxetex/ifxetex.sty
Package: ifxetex 2010/09/12 v0.6 Provides ifxetex conditional
)
\Gm@cnth=\count87
\Gm@cntv=\count88
\c@Gm@tempcnt=\count89
\Gm@bindingoffset=\dimen103
\Gm@wd@mp=\dimen104
\Gm@odd@mp=\dimen105
\Gm@even@mp=\dimen106
\Gm@layoutwidth=\dimen107
\Gm@layoutheight=\dimen108
\Gm@layouthoffset=\dimen109
\Gm@layoutvoffset=\dimen110
\Gm@dimlist=\toks15
)
(/usr/share/texlive/texmf-dist/tex/latex/graphics/graphicx.sty
Package: graphicx 2014/10/28 v1.0g Enhanced LaTeX Graphics (DPC,SPQR)

(/usr/share/texlive/texmf-dist/tex/latex/graphics/graphics.sty
Package: graphics 2016/01/03 v1.0q Standard LaTeX Graphics (DPC,SPQR)

(/usr/share/texlive/texmf-dist/tex/latex/graphics/trig.sty
Package: trig 2016/01/03 v1.10 sin cos tan (DPC)
)
(/usr/share/texlive/texmf-dist/tex/latex/latexconfig/graphics.cfg
File: graphics.cfg 2010/04/23 v1.9 graphics configuration of TeX Live
)
Package graphics Info: Driver file: pdftex.def on input line 95.

(/usr/share/texlive/texmf-dist/tex/latex/pdftex-def/pdftex.def
File: pdftex.def 2011/05/27 v0.06d Graphics/color for pdfTeX

(/usr/share/texlive/texmf-dist/tex/generic/oberdiek/infwarerr.sty
Package: infwarerr 2010/04/08 v1.3 Providing info/warning/error messages (HO)
)
(/usr/share/texlive/texmf-dist/tex/generic/oberdiek/ltxcmds.sty
Package: ltxcmds 2011/11/09 v1.22 LaTeX kernel commands for general use (HO)
)
\Gread@gobject=\count90
))
\Gin@req@height=\dimen111
\Gin@req@width=\dimen112
)
(/usr/share/texlive/texmf-dist/tex/latex/adjustbox/adjustbox.sty
Package: adjustbox 2012/05/21 v1.0 Adjusting TeX boxes (trim, clip, ...)

(/usr/share/texlive/texmf-dist/tex/latex/xkeyval/xkeyval.sty
Package: xkeyval 2014/12/03 v2.7a package option processing (HA)

(/usr/share/texlive/texmf-dist/tex/generic/xkeyval/xkeyval.tex
(/usr/share/texlive/texmf-dist/tex/generic/xkeyval/xkvutils.tex
\XKV@toks=\toks16
\XKV@tempa@toks=\toks17
)
\XKV@depth=\count91
File: xkeyval.tex 2014/12/03 v2.7a key=value parser (HA)
))
(/usr/share/texlive/texmf-dist/tex/latex/adjustbox/adjcalc.sty
Package: adjcalc 2012/05/16 v1.1 Provides advanced setlength with multiple back
-ends (calc, etex, pgfmath)
)
(/usr/share/texlive/texmf-dist/tex/latex/adjustbox/trimclip.sty
Package: trimclip 2012/05/16 v1.0 Trim and clip general TeX material

(/usr/share/texlive/texmf-dist/tex/latex/collectbox/collectbox.sty
Package: collectbox 2012/05/17 v0.4b Collect macro arguments as boxes
\collectedbox=\box26
)
\tc@llx=\dimen113
\tc@lly=\dimen114
\tc@urx=\dimen115
\tc@ury=\dimen116
Package trimclip Info: Using driver 'tc-pdftex.def'.

(/usr/share/texlive/texmf-dist/tex/latex/adjustbox/tc-pdftex.def
File: tc-pdftex.def 2012/05/13 v1.0 Clipping driver for pdftex
))
\adjbox@Width=\dimen117
\adjbox@Height=\dimen118
\adjbox@Depth=\dimen119
\adjbox@Totalheight=\dimen120

(/usr/share/texlive/texmf-dist/tex/latex/ifoddpage/ifoddpage.sty
Package: ifoddpage 2011/09/13 v1.0 Conditionals for odd/even page detection
\c@checkoddpage=\count92
)
(/usr/share/texlive/texmf-dist/tex/latex/varwidth/varwidth.sty
Package: varwidth 2009/03/30 ver 0.92;  Variable-width minipages
\@vwid@box=\box27
\sift@deathcycles=\count93
\@vwid@loff=\dimen121
\@vwid@roff=\dimen122
))
(/usr/share/texlive/texmf-dist/tex/latex/float/float.sty
Package: float 2001/11/08 v1.3d Float enhancements (AL)
\c@float@type=\count94
\float@exts=\toks18
\float@box=\box28
\@float@everytoks=\toks19
\@floatcapt=\box29
)
(/usr/share/texlive/texmf-dist/tex/latex/placeins/placeins.sty
Package: placeins 2005/04/18  v 2.2
)
(/usr/share/texlive/texmf-dist/tex/latex/hyphenat/hyphenat.sty
Package: hyphenat 2009/09/02 v2.3c hyphenation utilities
\langwohyphens=\language81
LaTeX Info: Redefining \_ on input line 43.
)
(/usr/share/texlive/texmf-dist/tex/latex/amsmath/amsmath.sty
Package: amsmath 2016/03/03 v2.15a AMS math features
\@mathmargin=\skip43

For additional information on amsmath, use the `?' option.
(/usr/share/texlive/texmf-dist/tex/latex/amsmath/amstext.sty
Package: amstext 2000/06/29 v2.01 AMS text

(/usr/share/texlive/texmf-dist/tex/latex/amsmath/amsgen.sty
File: amsgen.sty 1999/11/30 v2.0 generic functions
\@emptytoks=\toks20
\ex@=\dimen123
))
(/usr/share/texlive/texmf-dist/tex/latex/amsmath/amsbsy.sty
Package: amsbsy 1999/11/29 v1.2d Bold Symbols
\pmbraise@=\dimen124
)
(/usr/share/texlive/texmf-dist/tex/latex/amsmath/amsopn.sty
Package: amsopn 1999/12/14 v2.01 operator names
)
\inf@bad=\count95
LaTeX Info: Redefining \frac on input line 199.
\uproot@=\count96
\leftroot@=\count97
LaTeX Info: Redefining \overline on input line 297.
\classnum@=\count98
\DOTSCASE@=\count99
LaTeX Info: Redefining \ldots on input line 394.
LaTeX Info: Redefining \dots on input line 397.
LaTeX Info: Redefining \cdots on input line 518.
\Mathstrutbox@=\box30
\strutbox@=\box31
\big@size=\dimen125
LaTeX Font Info:    Redeclaring font encoding OML on input line 630.
LaTeX Font Info:    Redeclaring font encoding OMS on input line 631.
\macc@depth=\count100
\c@MaxMatrixCols=\count101
\dotsspace@=\muskip10
\c@parentequation=\count102
\dspbrk@lvl=\count103
\tag@help=\toks21
\row@=\count104
\column@=\count105
\maxfields@=\count106
\andhelp@=\toks22
\eqnshift@=\dimen126
\alignsep@=\dimen127
\tagshift@=\dimen128
\tagwidth@=\dimen129
\totwidth@=\dimen130
\lineht@=\dimen131
\@envbody=\toks23
\multlinegap=\skip44
\multlinetaggap=\skip45
\mathdisplay@stack=\toks24
LaTeX Info: Redefining \[ on input line 2735.
LaTeX Info: Redefining \] on input line 2736.
)
(/usr/share/texlive/texmf-dist/tex/latex/datetime/datetime.sty
Package: datetime 2015/03/20 v2.60 Date Time Package

(/usr/share/texlive/texmf-dist/tex/latex/etoolbox/etoolbox.sty
Package: etoolbox 2015/08/02 v2.2a e-TeX tools for LaTeX (JAW)
\etb@tempcnta=\count107
)
(/usr/share/texlive/texmf-dist/tex/latex/fmtcount/fmtcount.sty
Package: fmtcount 2015/05/05 v3.01

(/usr/share/texlive/texmf-dist/tex/latex/base/ifthen.sty
Package: ifthen 2014/09/29 v1.1c Standard LaTeX ifthen package (DPC)
)
(/usr/share/texlive/texmf-dist/tex/latex/fmtcount/fcprefix.sty
Package: fcprefix 2012/09/28

(/usr/share/texlive/texmf-dist/tex/latex/fmtcount/fcnumparser.sty
Package: fcnumparser 2012/09/28
\fc@digit@counter=\count108
))
\c@padzeroesN=\count109
\fc@tmpcatcode=\count110
\@DT@modctr=\count111
\@ordinalctr=\count112
\@orgargctr=\count113
\@strctr=\count114
\@tmpstrctr=\count115
\@DT@loopN=\count116
\@DT@X=\count117

(/usr/share/texlive/texmf-dist/tex/latex/fmtcount/fc-english.def
File: fc-english.def 2013/08/17
))
(/usr/share/texlive/texmf-dist/tex/latex/datetime/datetime-defaults.sty
Package: datetime-defaults 2013/09/10
)
\@day=\count118
\@month=\count119
\@year=\count120
\c@HOUR=\count121
\c@HOURXII=\count122
\c@MINUTE=\count123
\c@TOHOUR=\count124
\c@TOMINUTE=\count125
\c@SECOND=\count126
\currenthour=\count127
\currentminute=\count128
\currentsecond=\count129
Package datetime Info: No datetime.cfg file found, using default settings on in
put line 308.
\@dtctr=\count130
\dayofyear=\count131
\dayofweek=\count132
LaTeX Info: Redefining \today on input line 736.
\dt@a=\toks25
\dt@b=\toks26
)
(/usr/share/texlive/texmf-dist/tex/latex/titlesec/titlesec.sty
Package: titlesec 2016/03/15 v2.10.1 Sectioning titles
\ttl@box=\box32
\beforetitleunit=\skip46
\aftertitleunit=\skip47
\ttl@plus=\dimen132
\ttl@minus=\dimen133
\ttl@toksa=\toks27
\titlewidth=\dimen134
\titlewidthlast=\dimen135
\titlewidthfirst=\dimen136
)
(/usr/share/texlive/texmf-dist/tex/latex/standalone/standalone.sty
Package: standalone 2015/07/15 v1.2 Package to include TeX sub-files with pream
bles

(/usr/share/texlive/texmf-dist/tex/generic/oberdiek/ifluatex.sty
Package: ifluatex 2010/03/01 v1.3 Provides the ifluatex switch (HO)
Package ifluatex Info: LuaTeX not detected.
)
(/usr/share/texlive/texmf-dist/tex/latex/currfile/currfile.sty
Package: currfile 2013/02/01 v0.7b Provides the file path elements of the curre
nt input file

(/usr/share/texlive/texmf-dist/tex/latex/oberdiek/kvoptions.sty
Package: kvoptions 2011/06/30 v3.11 Key value format for package options (HO)

(/usr/share/texlive/texmf-dist/tex/generic/oberdiek/kvsetkeys.sty
Package: kvsetkeys 2012/04/25 v1.16 Key value parser (HO)

(/usr/share/texlive/texmf-dist/tex/generic/oberdiek/etexcmds.sty
Package: etexcmds 2011/02/16 v1.5 Avoid name clashes with e-TeX commands (HO)
Package etexcmds Info: Could not find \expanded.
(etexcmds)             That can mean that you are not using pdfTeX 1.50 or
(etexcmds)             that some package has redefined \expanded.
(etexcmds)             In the latter case, load this package earlier.
)))
(/usr/share/texlive/texmf-dist/tex/latex/filehook/filehook.sty
Package: filehook 2011/10/12 v0.5d Hooks for input files
)
\c@currfiledepth=\count133
)
(/usr/share/texlive/texmf-dist/tex/latex/gincltex/gincltex.sty
(/usr/share/texlive/texmf-dist/tex/latex/svn-prov/svn-prov.sty
Package: svn-prov 2010/04/24 v3.1862 Package Date/Version from SVN Keywords
)
Package: gincltex 2011/09/04 v0.3 Include external LaTeX files like graphics
\gincltex@box=\box33
)
(/usr/share/texlive/texmf-dist/tex/latex/filemod/filemod-expmin.sty
Package: filemod-expmin 2011/09/19 v1.2 Get and compare file modification times
 (expandable; minimal)
))

LaTeX Warning: Unused global option(s):
    [times].

(./report_1b.aux)
\openout1 = `report_1b.aux'.

LaTeX Font Info:    Checking defaults for OML/cmm/m/it on input line 14.
LaTeX Font Info:    ... okay on input line 14.
LaTeX Font Info:    Checking defaults for T1/cmr/m/n on input line 14.
LaTeX Font Info:    ... okay on input line 14.
LaTeX Font Info:    Checking defaults for OT1/cmr/m/n on input line 14.
LaTeX Font Info:    ... okay on input line 14.
LaTeX Font Info:    Checking defaults for OMS/cmsy/m/n on input line 14.
LaTeX Font Info:    ... okay on input line 14.
LaTeX Font Info:    Checking defaults for OMX/cmex/m/n on input line 14.
LaTeX Font Info:    ... okay on input line 14.
LaTeX Font Info:    Checking defaults for U/cmr/m/n on input line 14.
LaTeX Font Info:    ... okay on input line 14.

*geometry* driver: auto-detecting
*geometry* detected driver: pdftex
*geometry* verbose mode - [ preamble ] result:
* driver: pdftex
* paper: <default>
* layout: <same size as paper>
* layoutoffset:(h,v)=(0.0pt,0.0pt)
* modes: 
* h-part:(L,W,R)=(72.26999pt, 469.75502pt, 72.26999pt)
* v-part:(T,H,B)=(72.26999pt, 650.43001pt, 72.26999pt)
* \paperwidth=614.295pt
* \paperheight=794.96999pt
* \textwidth=469.75502pt
* \textheight=650.43001pt
* \oddsidemargin=0.0pt
* \evensidemargin=0.0pt
* \topmargin=-37.0pt
* \headheight=12.0pt
* \headsep=25.0pt
* \topskip=10.0pt
* \footskip=30.0pt
* \marginparwidth=65.0pt
* \marginparsep=11.0pt
* \columnsep=10.0pt
* \skip\footins=9.0pt plus 4.0pt minus 2.0pt
* \hoffset=0.0pt
* \voffset=0.0pt
* \mag=1000
* \@twocolumnfalse
* \@twosidefalse
* \@mparswitchfalse
* \@reversemarginfalse
* (1in=72.27pt=25.4mm, 1cm=28.453pt)

(/usr/share/texlive/texmf-dist/tex/context/base/supp-pdf.mkii
[Loading MPS to PDF converter (version 2006.09.02).]
\scratchcounter=\count134
\scratchdimen=\dimen137
\scratchbox=\box34
\nofMPsegments=\count135
\nofMParguments=\count136
\everyMPshowfont=\toks28
\MPscratchCnt=\count137
\MPscratchDim=\dimen138
\MPnumerator=\count138
\makeMPintoPDFobject=\count139
\everyMPtoPDFconversion=\toks29
) (/usr/share/texlive/texmf-dist/tex/generic/oberdiek/pdftexcmds.sty
Package: pdftexcmds 2011/11/29 v0.20 Utility functions of pdfTeX for LuaTeX (HO
)
Package pdftexcmds Info: LuaTeX not detected.
Package pdftexcmds Info: \pdf@primitive is available.
Package pdftexcmds Info: \pdf@ifprimitive is available.
Package pdftexcmds Info: \pdfdraftmode found.
)
(/usr/share/texlive/texmf-dist/tex/latex/oberdiek/epstopdf-base.sty
Package: epstopdf-base 2010/02/09 v2.5 Base part for package epstopdf

(/usr/share/texlive/texmf-dist/tex/latex/oberdiek/grfext.sty
Package: grfext 2010/08/19 v1.1 Manage graphics extensions (HO)

(/usr/share/texlive/texmf-dist/tex/generic/oberdiek/kvdefinekeys.sty
Package: kvdefinekeys 2011/04/07 v1.3 Define keys (HO)
))
Package grfext Info: Graphics extension search list:
(grfext)             [.png,.pdf,.jpg,.mps,.jpeg,.jbig2,.jb2,.PNG,.PDF,.JPG,.JPE
G,.JBIG2,.JB2,.eps]
(grfext)             \AppendGraphicsExtensions on input line 452.

(/usr/share/texlive/texmf-dist/tex/latex/latexconfig/epstopdf-sys.cfg
File: epstopdf-sys.cfg 2010/07/13 v1.3 Configuration of (r)epstopdf for TeX Liv
e
))

LaTeX Warning: Reference `fig:saMutation2' on page 1 undefined on input line 24
.


LaTeX Warning: Reference `fig:saMutation2' on page 1 undefined on input line 24
.


LaTeX Warning: Reference `fig:mutFalse' on page 1 undefined on input line 26.


LaTeX Warning: Reference `fig:mutTrue' on page 1 undefined on input line 26.


LaTeX Warning: Reference `fig:mutFalsePicture' on page 1 undefined on input lin
e 26.


LaTeX Warning: Reference `fig:mutTruePicture' on page 1 undefined on input line
 26.



pdfTeX warning: pdflatex (file ./t_test/S-AMutationRate1.pdf): PDF inclusion: f
ound PDF version <1.7>, but at most version <1.5> allowed
<./t_test/S-AMutationRate1.pdf, id=1, 614.295pt x 794.97pt>
File: ./t_test/S-AMutationRate1.pdf Graphic file (type pdf)

<use ./t_test/S-AMutationRate1.pdf>
Package pdftex.def Info: ./t_test/S-AMutationRate1.pdf used on input line 31.
(pdftex.def)             Requested size: 469.75502pt x 607.9196pt.
 (./all_graphs.tex
<../graphs/graphs/1001.pdf, id=2, 462.52798pt x 346.89601pt>
File: ../graphs/graphs/1001.pdf Graphic file (type pdf)

<use ../graphs/graphs/1001.pdf>
Package pdftex.def Info: ../graphs/graphs/1001.pdf used on input line 60.
(pdftex.def)             Requested size: 469.75502pt x 352.33656pt.

<../graphs/picture/1001.pdf, id=3, 462.52798pt x 346.89601pt>
File: ../graphs/picture/1001.pdf Graphic file (type pdf)

<use ../graphs/picture/1001.pdf>
Package pdftex.def Info: ../graphs/picture/1001.pdf used on input line 67.
(pdftex.def)             Requested size: 469.75502pt x 352.33656pt.

<../graphs/graphs/1002.pdf, id=4, 462.52798pt x 346.89601pt>
File: ../graphs/graphs/1002.pdf Graphic file (type pdf)

<use ../graphs/graphs/1002.pdf>
Package pdftex.def Info: ../graphs/graphs/1002.pdf used on input line 128.
(pdftex.def)             Requested size: 469.75502pt x 352.33656pt.

<../graphs/picture/1002.pdf, id=5, 462.52798pt x 346.89601pt>
File: ../graphs/picture/1002.pdf Graphic file (type pdf)

<use ../graphs/picture/1002.pdf>
Package pdftex.def Info: ../graphs/picture/1002.pdf used on input line 135.
(pdftex.def)             Requested size: 469.75502pt x 352.33656pt.

<../graphs/graphs/1003.pdf, id=6, 462.52798pt x 346.89601pt>
File: ../graphs/graphs/1003.pdf Graphic file (type pdf)

<use ../graphs/graphs/1003.pdf>
Package pdftex.def Info: ../graphs/graphs/1003.pdf used on input line 196.
(pdftex.def)             Requested size: 469.75502pt x 352.33656pt.

<../graphs/picture/1003.pdf, id=7, 462.52798pt x 346.89601pt>
File: ../graphs/picture/1003.pdf Graphic file (type pdf)

<use ../graphs/picture/1003.pdf>
Package pdftex.def Info: ../graphs/picture/1003.pdf used on input line 203.
(pdftex.def)             Requested size: 469.75502pt x 352.33656pt.

<../graphs/graphs/1004.pdf, id=8, 462.52798pt x 346.89601pt>
File: ../graphs/graphs/1004.pdf Graphic file (type pdf)

<use ../graphs/graphs/1004.pdf>
Package pdftex.def Info: ../graphs/graphs/1004.pdf used on input line 264.
(pdftex.def)             Requested size: 469.75502pt x 352.33656pt.

<../graphs/picture/1004.pdf, id=9, 462.52798pt x 346.89601pt>
File: ../graphs/picture/1004.pdf Graphic file (type pdf)

<use ../graphs/picture/1004.pdf>
Package pdftex.def Info: ../graphs/picture/1004.pdf used on input line 271.
(pdftex.def)             Requested size: 469.75502pt x 352.33656pt.

<../graphs/graphs/1005.pdf, id=10, 462.52798pt x 346.89601pt>
File: ../graphs/graphs/1005.pdf Graphic file (type pdf)

<use ../graphs/graphs/1005.pdf>
Package pdftex.def Info: ../graphs/graphs/1005.pdf used on input line 332.
(pdftex.def)             Requested size: 469.75502pt x 352.33656pt.

<../graphs/picture/1005.pdf, id=11, 462.52798pt x 346.89601pt>
File: ../graphs/picture/1005.pdf Graphic file (type pdf)

<use ../graphs/picture/1005.pdf>
Package pdftex.def Info: ../graphs/picture/1005.pdf used on input line 339.
(pdftex.def)             Requested size: 469.75502pt x 352.33656pt.

<../graphs/graphs/1006.pdf, id=12, 462.52798pt x 346.89601pt>
File: ../graphs/graphs/1006.pdf Graphic file (type pdf)

<use ../graphs/graphs/1006.pdf>
Package pdftex.def Info: ../graphs/graphs/1006.pdf used on input line 400.
(pdftex.def)             Requested size: 469.75502pt x 352.33656pt.

<../graphs/picture/1006.pdf, id=13, 462.52798pt x 346.89601pt>
File: ../graphs/picture/1006.pdf Graphic file (type pdf)

<use ../graphs/picture/1006.pdf>
Package pdftex.def Info: ../graphs/picture/1006.pdf used on input line 407.
(pdftex.def)             Requested size: 469.75502pt x 352.33656pt.

<../graphs/graphs/1007.pdf, id=14, 462.52798pt x 346.89601pt>
File: ../graphs/graphs/1007.pdf Graphic file (type pdf)

<use ../graphs/graphs/1007.pdf>
Package pdftex.def Info: ../graphs/graphs/1007.pdf used on input line 468.
(pdftex.def)             Requested size: 469.75502pt x 352.33656pt.

<../graphs/picture/1007.pdf, id=15, 462.52798pt x 346.89601pt>
File: ../graphs/picture/1007.pdf Graphic file (type pdf)

<use ../graphs/picture/1007.pdf>
Package pdftex.def Info: ../graphs/picture/1007.pdf used on input line 475.
(pdftex.def)             Requested size: 469.75502pt x 352.33656pt.

<../graphs/graphs/1008.pdf, id=16, 462.52798pt x 346.89601pt>
File: ../graphs/graphs/1008.pdf Graphic file (type pdf)

<use ../graphs/graphs/1008.pdf>
Package pdftex.def Info: ../graphs/graphs/1008.pdf used on input line 536.
(pdftex.def)             Requested size: 469.75502pt x 352.33656pt.

<../graphs/picture/1008.pdf, id=17, 462.52798pt x 346.89601pt>
File: ../graphs/picture/1008.pdf Graphic file (type pdf)

<use ../graphs/picture/1008.pdf>
Package pdftex.def Info: ../graphs/picture/1008.pdf used on input line 543.
(pdftex.def)             Requested size: 469.75502pt x 352.33656pt.

<../graphs/graphs/1009.pdf, id=18, 462.52798pt x 346.89601pt>
File: ../graphs/graphs/1009.pdf Graphic file (type pdf)

<use ../graphs/graphs/1009.pdf>
Package pdftex.def Info: ../graphs/graphs/1009.pdf used on input line 604.
(pdftex.def)             Requested size: 469.75502pt x 352.33656pt.

<../graphs/picture/1009.pdf, id=19, 462.52798pt x 346.89601pt>
File: ../graphs/picture/1009.pdf Graphic file (type pdf)

<use ../graphs/picture/1009.pdf>
Package pdftex.def Info: ../graphs/picture/1009.pdf used on input line 611.
(pdftex.def)             Requested size: 469.75502pt x 352.33656pt.

<../graphs/graphs/1010.pdf, id=20, 462.52798pt x 346.89601pt>
File: ../graphs/graphs/1010.pdf Graphic file (type pdf)

<use ../graphs/graphs/1010.pdf>
Package pdftex.def Info: ../graphs/graphs/1010.pdf used on input line 672.
(pdftex.def)             Requested size: 469.75502pt x 352.33656pt.

<../graphs/picture/1010.pdf, id=21, 462.52798pt x 346.89601pt>
File: ../graphs/picture/1010.pdf Graphic file (type pdf)

<use ../graphs/picture/1010.pdf>
Package pdftex.def Info: ../graphs/picture/1010.pdf used on input line 679.
(pdftex.def)             Requested size: 469.75502pt x 352.33656pt.
 [1

{/var/lib/texmf/fonts/map/pdftex/updmap/pdftex.map}] [2 <./t_test/S-AMutationRa
te1.pdf>]

LaTeX Warning: Text page 3 contains only floats.

[3] [4 <../graphs/graphs/1001.pdf>] [5 <../graphs/picture/1001.pdf>] [6 <../gra
phs/graphs/1002.pdf>] [7 <../graphs/picture/1002.pdf>] [8] [9 <../graphs/graphs
/1003.pdf>] [10 <../graphs/picture/1003.pdf>] [11 <../graphs/graphs/1004.pdf>]
[12 <../graphs/picture/1004.pdf>] [13] [14 <../graphs/graphs/1005.pdf>]
[15 <../graphs/picture/1005.pdf>] [16 <../graphs/graphs/1006.pdf>] [17 <../grap
hs/picture/1006.pdf>] [18] [19 <../graphs/graphs/1007.pdf>] [20 <../graphs/pict
ure/1007.pdf>] [21 <../graphs/graphs/1008.pdf>] [22 <../graphs/picture/1008.pdf
>] [23] [24 <../graphs/graphs/1009.pdf>] [25 <../graphs/picture/1009.pdf>]
[26 <../graphs/graphs/1010.pdf>] [27 <../graphs/picture/1010.pdf>]
<../graphs/graphs/1011.pdf, id=636, 462.52798pt x 346.89601pt>
File: ../graphs/graphs/1011.pdf Graphic file (type pdf)

<use ../graphs/graphs/1011.pdf>
Package pdftex.def Info: ../graphs/graphs/1011.pdf used on input line 741.
(pdftex.def)             Requested size: 469.75502pt x 352.33656pt.

<../graphs/picture/1011.pdf, id=637, 462.52798pt x 346.89601pt>
File: ../graphs/picture/1011.pdf Graphic file (type pdf)

<use ../graphs/picture/1011.pdf>
Package pdftex.def Info: ../graphs/picture/1011.pdf used on input line 748.
(pdftex.def)             Requested size: 469.75502pt x 352.33656pt.

<../graphs/graphs/1012.pdf, id=638, 462.52798pt x 346.89601pt>
File: ../graphs/graphs/1012.pdf Graphic file (type pdf)

<use ../graphs/graphs/1012.pdf>
Package pdftex.def Info: ../graphs/graphs/1012.pdf used on input line 809.
(pdftex.def)             Requested size: 469.75502pt x 352.33656pt.

<../graphs/picture/1012.pdf, id=639, 462.52798pt x 346.89601pt>
File: ../graphs/picture/1012.pdf Graphic file (type pdf)

<use ../graphs/picture/1012.pdf>
Package pdftex.def Info: ../graphs/picture/1012.pdf used on input line 816.
(pdftex.def)             Requested size: 469.75502pt x 352.33656pt.

<../graphs/graphs/1013.pdf, id=640, 462.52798pt x 346.89601pt>
File: ../graphs/graphs/1013.pdf Graphic file (type pdf)

<use ../graphs/graphs/1013.pdf>
Package pdftex.def Info: ../graphs/graphs/1013.pdf used on input line 877.
(pdftex.def)             Requested size: 469.75502pt x 352.33656pt.

<../graphs/picture/1013.pdf, id=641, 462.52798pt x 346.89601pt>
File: ../graphs/picture/1013.pdf Graphic file (type pdf)

<use ../graphs/picture/1013.pdf>
Package pdftex.def Info: ../graphs/picture/1013.pdf used on input line 884.
(pdftex.def)             Requested size: 469.75502pt x 352.33656pt.

<../graphs/graphs/1014.pdf, id=642, 462.52798pt x 346.89601pt>
File: ../graphs/graphs/1014.pdf Graphic file (type pdf)

<use ../graphs/graphs/1014.pdf>
Package pdftex.def Info: ../graphs/graphs/1014.pdf used on input line 945.
(pdftex.def)             Requested size: 469.75502pt x 352.33656pt.

<../graphs/picture/1014.pdf, id=643, 462.52798pt x 346.89601pt>
File: ../graphs/picture/1014.pdf Graphic file (type pdf)

<use ../graphs/picture/1014.pdf>
Package pdftex.def Info: ../graphs/picture/1014.pdf used on input line 952.
(pdftex.def)             Requested size: 469.75502pt x 352.33656pt.

<../graphs/graphs/1015.pdf, id=644, 462.52798pt x 346.89601pt>
File: ../graphs/graphs/1015.pdf Graphic file (type pdf)

<use ../graphs/graphs/1015.pdf>
Package pdftex.def Info: ../graphs/graphs/1015.pdf used on input line 1013.
(pdftex.def)             Requested size: 469.75502pt x 352.33656pt.

<../graphs/picture/1015.pdf, id=645, 462.52798pt x 346.89601pt>
File: ../graphs/picture/1015.pdf Graphic file (type pdf)

<use ../graphs/picture/1015.pdf>
Package pdftex.def Info: ../graphs/picture/1015.pdf used on input line 1020.
(pdftex.def)             Requested size: 469.75502pt x 352.33656pt.

<../graphs/graphs/1016.pdf, id=646, 462.52798pt x 346.89601pt>
File: ../graphs/graphs/1016.pdf Graphic file (type pdf)

<use ../graphs/graphs/1016.pdf>
Package pdftex.def Info: ../graphs/graphs/1016.pdf used on input line 1081.
(pdftex.def)             Requested size: 469.75502pt x 352.33656pt.

<../graphs/picture/1016.pdf, id=647, 462.52798pt x 346.89601pt>
File: ../graphs/picture/1016.pdf Graphic file (type pdf)

<use ../graphs/picture/1016.pdf>
Package pdftex.def Info: ../graphs/picture/1016.pdf used on input line 1088.
(pdftex.def)             Requested size: 469.75502pt x 352.33656pt.

<../graphs/graphs/1017.pdf, id=648, 462.52798pt x 346.89601pt>
File: ../graphs/graphs/1017.pdf Graphic file (type pdf)

<use ../graphs/graphs/1017.pdf>
Package pdftex.def Info: ../graphs/graphs/1017.pdf used on input line 1149.
(pdftex.def)             Requested size: 469.75502pt x 352.33656pt.

<../graphs/picture/1017.pdf, id=649, 462.52798pt x 346.89601pt>
File: ../graphs/picture/1017.pdf Graphic file (type pdf)

<use ../graphs/picture/1017.pdf>
Package pdftex.def Info: ../graphs/picture/1017.pdf used on input line 1156.
(pdftex.def)             Requested size: 469.75502pt x 352.33656pt.

<../graphs/graphs/1018.pdf, id=650, 462.52798pt x 346.89601pt>
File: ../graphs/graphs/1018.pdf Graphic file (type pdf)

<use ../graphs/graphs/1018.pdf>
Package pdftex.def Info: ../graphs/graphs/1018.pdf used on input line 1217.
(pdftex.def)             Requested size: 469.75502pt x 352.33656pt.

<../graphs/picture/1018.pdf, id=651, 462.52798pt x 346.89601pt>
File: ../graphs/picture/1018.pdf Graphic file (type pdf)

<use ../graphs/picture/1018.pdf>
Package pdftex.def Info: ../graphs/picture/1018.pdf used on input line 1224.
(pdftex.def)             Requested size: 469.75502pt x 352.33656pt.
) [28

] [29 <../graphs/graphs/1011.pdf>]
[30 <../graphs/picture/1011.pdf>] [31 <../graphs/graphs/1012.pdf>] [32 <../grap
hs/picture/1012.pdf>] [33] [34 <../graphs/graphs/1013.pdf>] [35 <../graphs/pict
ure/1013.pdf>] [36 <../graphs/graphs/1014.pdf>] [37 <../graphs/picture/1014.pdf
>] [38] [39 <../graphs/graphs/1015.pdf>] [40 <../graphs/picture/1015.pdf>]
[41 <../graphs/graphs/1016.pdf>] [42 <../graphs/picture/1016.pdf>] [43]
[44 <../graphs/graphs/1017.pdf>] [45 <../graphs/picture/1017.pdf>] [46 <../grap
hs/graphs/1018.pdf>] [47 <../graphs/picture/1018.pdf>] (./report_1b.aux)

LaTeX Warning: There were undefined references.

 ) 
Here is how much of TeX's memory you used:
 5360 strings out of 493029
 79720 string characters out of 6136234
 211645 words of memory out of 5000000
 8751 multiletter control sequences out of 15000+600000
 8716 words of font info for 32 fonts, out of 8000000 for 9000
 1141 hyphenation exceptions out of 8191
 43i,7n,38p,1022b,288s stack positions out of 5000i,500n,10000p,200000b,80000s
</usr/share/texlive/texmf-dist/fonts/type1/public/amsfonts/cm/cmbx10.pfb></us
r/share/texlive/texmf-dist/fonts/type1/public/amsfonts/cm/cmbx12.pfb></usr/shar
e/texlive/texmf-dist/fonts/type1/public/amsfonts/cm/cmr10.pfb></usr/share/texli
ve/texmf-dist/fonts/type1/public/amsfonts/cm/cmr12.pfb></usr/share/texlive/texm
f-dist/fonts/type1/public/amsfonts/cm/cmr17.pfb>
Output written on report_1b.pdf (47 pages, 742251 bytes).
PDF statistics:
 1169 PDF objects out of 1200 (max. 8388607)
 386 compressed objects within 4 object streams
 0 named destinations out of 1000 (max. 500000)
 186 words of extra memory for PDF output out of 10000 (max. 10000000)

